0 verbose cli /usr/bin/node /mnt/c/Users/Bruno/AppData/Roaming/npm/node_modules/npm/bin/npm-cli.js
1 info using npm@10.9.0
2 info using node@v18.19.1
3 silly config load:file:/mnt/c/Users/Bruno/AppData/Roaming/npm/node_modules/npm/npmrc
4 silly config load:file:/home/bruno/.npmrc
5 silly config load:file:/home/bruno/projetos_postech/fase_2-backend_qualidade/disciplina_3-integracao_banco/aula1/pettech/${APPDATA}\npm/etc/npmrc
6 verbose title npm list
7 verbose argv "list" "--global" "--depth" "0"
8 verbose logfile logs-max:10 dir:/home/bruno/.npm/_logs/2025-06-08T19_21_42_065Z-
9 verbose logfile /home/bruno/.npm/_logs/2025-06-08T19_21_42_065Z-debug-0.log
10 silly packumentCache heap:2197815296 maxSize:549453824 maxEntrySize:274726912
11 silly logfile done cleaning log files
12 verbose stack Error: ENOENT: no such file or directory, lstat '/home/bruno/projetos_postech/fase_2-backend_qualidade/disciplina_3-integracao_banco/aula1/pettech/${APPDATA}\npm'
13 error code ENOENT
14 error syscall lstat
15 error path /home/bruno/projetos_postech/fase_2-backend_qualidade/disciplina_3-integracao_banco/aula1/pettech/${APPDATA}\npm
16 error errno -2
17 error enoent ENOENT: no such file or directory, lstat '/home/bruno/projetos_postech/fase_2-backend_qualidade/disciplina_3-integracao_banco/aula1/pettech/${APPDATA}\npm'
18 error enoent This is related to npm not being able to find a file.
18 error enoent
19 verbose cwd /home/bruno/projetos_postech/fase_2-backend_qualidade/disciplina_3-integracao_banco/aula1/pettech
20 verbose os Linux 6.6.87.1-microsoft-standard-WSL2
21 verbose node v18.19.1
22 verbose npm  v10.9.0
23 verbose exit -2
24 verbose code -2
25 error A complete log of this run can be found in: /home/bruno/.npm/_logs/2025-06-08T19_21_42_065Z-debug-0.log
