2025-06-08 16:08:40.339 [info] [principal] Nível de log: Info
2025-06-08 16:08:40.340 [info] [principal] Validando o git encontrado em: "git"
2025-06-08 16:08:40.340 [info] [principal] Usando git "2.43.0" de "git"
2025-06-08 16:08:40.340 [info] [Model][doInitialScan] Initial repository scan started
2025-06-08 16:08:40.354 [info] > git rev-parse --show-toplevel [17ms]
2025-06-08 16:08:40.381 [info] > git rev-parse --show-toplevel [17ms]
2025-06-08 16:08:40.390 [info] [Model][doInitialScan] Initial repository scan completed - repositories (0), closed repositories (0), parent repositories (1), unsafe repositories (0)
2025-06-08 16:10:45.072 [info] > git rev-parse --show-toplevel [12ms]
2025-06-08 16:25:02.602 [info] > git rev-parse --show-toplevel [7ms]
2025-06-08 16:25:02.618 [info] > git rev-parse --show-toplevel [1ms]
2025-06-08 16:25:03.739 [info] > git rev-parse --show-toplevel [35ms]
2025-06-08 16:25:03.775 [info] > git rev-parse --show-toplevel [15ms]
2025-06-08 16:25:03.794 [info] > git rev-parse --show-toplevel [3ms]
2025-06-08 16:25:03.811 [info] > git rev-parse --show-toplevel [3ms]
2025-06-08 16:25:03.827 [info] > git rev-parse --show-toplevel [6ms]
2025-06-08 16:25:03.847 [info] > git rev-parse --show-toplevel [5ms]
2025-06-08 16:25:03.863 [info] > git rev-parse --show-toplevel [2ms]
2025-06-08 16:25:03.874 [info] > git rev-parse --show-toplevel [1ms]
2025-06-08 16:25:03.885 [info] > git rev-parse --show-toplevel [4ms]
2025-06-08 16:25:03.903 [info] > git rev-parse --show-toplevel [3ms]
2025-06-08 16:25:03.911 [info] > git rev-parse --show-toplevel [3ms]
2025-06-08 16:25:03.921 [info] > git rev-parse --show-toplevel [3ms]
2025-06-08 16:25:03.931 [info] > git rev-parse --show-toplevel [3ms]
2025-06-08 16:25:03.942 [info] > git rev-parse --show-toplevel [1ms]
2025-06-08 16:25:03.953 [info] > git rev-parse --show-toplevel [4ms]
2025-06-08 16:25:03.964 [info] > git rev-parse --show-toplevel [5ms]
2025-06-08 16:25:03.973 [info] > git rev-parse --show-toplevel [3ms]
2025-06-08 16:25:03.984 [info] > git rev-parse --show-toplevel [5ms]
2025-06-08 16:25:03.994 [info] > git rev-parse --show-toplevel [2ms]
2025-06-08 16:25:06.527 [info] > git rev-parse --show-toplevel [14ms]
2025-06-08 16:25:06.567 [info] > git rev-parse --show-toplevel [4ms]
2025-06-08 16:25:06.578 [info] > git rev-parse --show-toplevel [2ms]
2025-06-08 16:25:06.595 [info] > git rev-parse --show-toplevel [1ms]
2025-06-08 16:25:06.615 [info] > git rev-parse --show-toplevel [10ms]
2025-06-08 16:25:06.635 [info] > git rev-parse --show-toplevel [4ms]
2025-06-08 16:25:06.647 [info] > git rev-parse --show-toplevel [5ms]
2025-06-08 16:25:06.668 [info] > git rev-parse --show-toplevel [9ms]
2025-06-08 16:25:06.698 [info] > git rev-parse --show-toplevel [15ms]
2025-06-08 16:25:06.712 [info] > git rev-parse --show-toplevel [3ms]
2025-06-08 16:25:06.724 [info] > git rev-parse --show-toplevel [3ms]
2025-06-08 16:25:06.738 [info] > git rev-parse --show-toplevel [5ms]
2025-06-08 16:25:06.755 [info] > git rev-parse --show-toplevel [2ms]
2025-06-08 16:25:06.764 [info] > git rev-parse --show-toplevel [2ms]
2025-06-08 16:25:06.774 [info] > git rev-parse --show-toplevel [1ms]
2025-06-08 16:25:06.791 [info] > git rev-parse --show-toplevel [6ms]
2025-06-08 16:25:06.804 [info] > git rev-parse --show-toplevel [5ms]
2025-06-08 16:25:06.823 [info] > git rev-parse --show-toplevel [6ms]
2025-06-08 16:25:06.834 [info] > git rev-parse --show-toplevel [1ms]
2025-06-08 16:25:06.845 [info] > git rev-parse --show-toplevel [5ms]
2025-06-08 16:25:06.857 [info] > git rev-parse --show-toplevel [5ms]
2025-06-08 16:25:06.872 [info] > git rev-parse --show-toplevel [4ms]
2025-06-08 16:25:06.885 [info] > git rev-parse --show-toplevel [5ms]
2025-06-08 16:25:06.901 [info] > git rev-parse --show-toplevel [4ms]
2025-06-08 16:25:06.923 [info] > git rev-parse --show-toplevel [6ms]
2025-06-08 16:25:06.934 [info] > git rev-parse --show-toplevel [4ms]
2025-06-08 16:25:06.948 [info] > git rev-parse --show-toplevel [1ms]
2025-06-08 16:25:06.960 [info] > git rev-parse --show-toplevel [1ms]
2025-06-08 16:25:06.988 [info] > git rev-parse --show-toplevel [6ms]
2025-06-08 16:25:07.033 [info] > git rev-parse --show-toplevel [13ms]
2025-06-08 16:25:07.046 [info] > git rev-parse --show-toplevel [3ms]
2025-06-08 16:25:07.056 [info] > git rev-parse --show-toplevel [3ms]
2025-06-08 16:25:07.066 [info] > git rev-parse --show-toplevel [1ms]
2025-06-08 16:25:07.075 [info] > git rev-parse --show-toplevel [3ms]
2025-06-08 16:25:07.084 [info] > git rev-parse --show-toplevel [2ms]
2025-06-08 16:25:07.095 [info] > git rev-parse --show-toplevel [4ms]
2025-06-08 16:25:07.104 [info] > git rev-parse --show-toplevel [3ms]
2025-06-08 16:25:07.113 [info] > git rev-parse --show-toplevel [3ms]
2025-06-08 16:25:07.123 [info] > git rev-parse --show-toplevel [2ms]
2025-06-08 16:25:07.134 [info] > git rev-parse --show-toplevel [1ms]
2025-06-08 16:25:07.144 [info] > git rev-parse --show-toplevel [3ms]
2025-06-08 16:25:07.155 [info] > git rev-parse --show-toplevel [2ms]
2025-06-08 16:25:07.168 [info] > git rev-parse --show-toplevel [4ms]
2025-06-08 16:25:07.176 [info] > git rev-parse --show-toplevel [2ms]
2025-06-08 16:25:07.188 [info] > git rev-parse --show-toplevel [4ms]
2025-06-08 16:25:07.198 [info] > git rev-parse --show-toplevel [3ms]
2025-06-08 16:25:07.206 [info] > git rev-parse --show-toplevel [2ms]
2025-06-08 16:25:07.218 [info] > git rev-parse --show-toplevel [3ms]
2025-06-08 16:25:07.230 [info] > git rev-parse --show-toplevel [1ms]
2025-06-08 16:25:07.243 [info] > git rev-parse --show-toplevel [4ms]
2025-06-08 16:25:07.255 [info] > git rev-parse --show-toplevel [6ms]
2025-06-08 16:25:07.264 [info] > git rev-parse --show-toplevel [3ms]
2025-06-08 16:25:07.273 [info] > git rev-parse --show-toplevel [3ms]
2025-06-08 16:25:07.283 [info] > git rev-parse --show-toplevel [2ms]
2025-06-08 16:25:07.294 [info] > git rev-parse --show-toplevel [1ms]
2025-06-08 16:25:07.304 [info] > git rev-parse --show-toplevel [3ms]
2025-06-08 16:25:07.317 [info] > git rev-parse --show-toplevel [1ms]
2025-06-08 16:25:07.329 [info] > git rev-parse --show-toplevel [6ms]
2025-06-08 16:25:07.341 [info] > git rev-parse --show-toplevel [4ms]
2025-06-08 16:25:07.353 [info] > git rev-parse --show-toplevel [3ms]
2025-06-08 16:25:07.365 [info] > git rev-parse --show-toplevel [5ms]
2025-06-08 16:25:07.376 [info] > git rev-parse --show-toplevel [3ms]
2025-06-08 16:25:07.388 [info] > git rev-parse --show-toplevel [2ms]
2025-06-08 16:25:07.405 [info] > git rev-parse --show-toplevel [0ms]
2025-06-08 16:25:07.416 [info] > git rev-parse --show-toplevel [1ms]
2025-06-08 16:25:07.425 [info] > git rev-parse --show-toplevel [4ms]
2025-06-08 16:25:07.434 [info] > git rev-parse --show-toplevel [2ms]
2025-06-08 16:25:07.444 [info] > git rev-parse --show-toplevel [3ms]
2025-06-08 16:25:07.462 [info] > git rev-parse --show-toplevel [2ms]
2025-06-08 16:25:08.436 [info] > git rev-parse --show-toplevel [38ms]
2025-06-08 16:25:08.465 [info] > git rev-parse --show-toplevel [4ms]
2025-06-08 16:25:08.482 [info] > git rev-parse --show-toplevel [2ms]
2025-06-08 16:25:08.495 [info] > git rev-parse --show-toplevel [3ms]
2025-06-08 16:25:08.511 [info] > git rev-parse --show-toplevel [3ms]
2025-06-08 16:25:08.527 [info] > git rev-parse --show-toplevel [6ms]
2025-06-08 16:25:08.547 [info] > git rev-parse --show-toplevel [1ms]
2025-06-08 16:25:08.563 [info] > git rev-parse --show-toplevel [2ms]
2025-06-08 16:25:08.596 [info] > git rev-parse --show-toplevel [3ms]
2025-06-08 16:25:08.611 [info] > git rev-parse --show-toplevel [4ms]
2025-06-08 16:25:08.622 [info] > git rev-parse --show-toplevel [5ms]
2025-06-08 16:25:08.633 [info] > git rev-parse --show-toplevel [1ms]
2025-06-08 16:25:08.647 [info] > git rev-parse --show-toplevel [7ms]
2025-06-08 16:25:08.662 [info] > git rev-parse --show-toplevel [8ms]
2025-06-08 16:25:08.681 [info] > git rev-parse --show-toplevel [3ms]
2025-06-08 16:25:09.080 [info] > git rev-parse --show-toplevel [3ms]
2025-06-08 16:25:09.094 [info] > git rev-parse --show-toplevel [3ms]
2025-06-08 16:25:09.104 [info] > git rev-parse --show-toplevel [1ms]
2025-06-08 16:25:09.717 [info] > git rev-parse --show-toplevel [0ms]
2025-06-08 16:25:10.535 [info] > git rev-parse --show-toplevel [5ms]
2025-06-08 16:26:09.334 [info] > git rev-parse --show-toplevel [57ms]
